TN:
SF:C:\Users\emmy\Documents\improveskills\server\app.js
FNF:0
FNH:0
DA:10,1
DA:12,1
DA:13,1
DA:15,1
DA:16,1
DA:17,1
DA:18,1
DA:19,1
DA:20,1
DA:21,1
DA:22,1
DA:24,1
DA:26,1
LF:13
LH:13
BRDA:24,0,0,1
BRDA:24,0,1,1
BRF:2
BRH:2
end_of_record
TN:
SF:C:\Users\emmy\Documents\improveskills\server\controllers\Menu.js
FN:4,(anonymous_0)
FN:13,(anonymous_1)
FN:44,(anonymous_2)
FN:61,(anonymous_3)
FN:84,(anonymous_4)
FNF:5
FNH:5
FNDA:1,(anonymous_0)
FNDA:3,(anonymous_1)
FNDA:2,(anonymous_2)
FNDA:2,(anonymous_3)
FNDA:1,(anonymous_4)
DA:5,1
DA:7,1
DA:8,1
DA:9,1
DA:10,1
DA:16,3
DA:21,3
DA:26,3
DA:27,3
DA:29,3
DA:30,1
DA:31,1
DA:34,2
DA:37,2
DA:39,2
DA:41,2
DA:45,2
DA:47,2
DA:48,2
DA:49,2
DA:51,2
DA:52,1
DA:56,1
DA:58,1
DA:62,2
DA:65,2
DA:67,2
DA:68,2
DA:72,2
DA:74,2
DA:75,1
DA:79,1
DA:81,1
DA:85,1
DA:87,1
DA:88,1
DA:91,1
DA:93,1
DA:94,1
DA:97,0
DA:98,0
LF:41
LH:39
BRDA:29,0,0,1
BRDA:29,0,1,2
BRDA:51,1,0,1
BRDA:51,1,1,1
BRDA:74,2,0,1
BRDA:74,2,1,1
BRDA:93,3,0,1
BRDA:93,3,1,0
BRF:8
BRH:7
end_of_record
TN:
SF:C:\Users\emmy\Documents\improveskills\server\controllers\Orders.js
FN:4,(anonymous_0)
FN:37,(anonymous_1)
FN:58,(anonymous_2)
FN:91,(anonymous_3)
FN:142,(anonymous_4)
FNF:5
FNH:4
FNDA:2,(anonymous_0)
FNDA:1,(anonymous_1)
FNDA:2,(anonymous_2)
FNDA:1,(anonymous_3)
FNDA:0,(anonymous_4)
DA:5,2
DA:6,2
DA:7,2
DA:10,2
DA:16,2
DA:18,2
DA:20,2
DA:22,2
DA:23,2
DA:27,0
DA:29,0
DA:38,1
DA:41,1
DA:46,1
DA:49,1
DA:51,1
DA:59,2
DA:60,2
DA:63,2
DA:67,2
DA:69,2
DA:70,2
DA:77,0
DA:78,0
DA:81,0
DA:94,1
DA:96,1
DA:98,1
DA:100,1
DA:105,1
DA:107,0
DA:108,0
DA:109,0
DA:116,0
DA:119,0
DA:125,0
DA:129,0
DA:130,0
DA:133,0
DA:145,0
DA:147,0
DA:149,0
DA:154,0
DA:155,0
DA:157,0
DA:158,0
DA:164,0
DA:166,0
DA:168,0
DA:170,0
LF:50
LH:25
BRDA:22,0,0,2
BRDA:22,0,1,0
BRDA:69,1,0,2
BRDA:69,1,1,0
BRDA:107,2,0,0
BRDA:107,2,1,0
BRDA:157,3,0,0
BRDA:157,3,1,0
BRF:8
BRH:2
end_of_record
TN:
SF:C:\Users\emmy\Documents\improveskills\server\controllers\Users.js
FN:8,(anonymous_0)
FN:63,(anonymous_1)
FNF:2
FNH:2
FNDA:3,(anonymous_0)
FNDA:3,(anonymous_1)
DA:11,3
DA:13,3
DA:21,3
DA:27,3
DA:28,3
DA:29,3
DA:30,2
DA:32,1
DA:33,1
DA:36,1
DA:39,1
DA:41,1
DA:43,1
DA:48,1
DA:49,1
DA:51,1
DA:66,3
DA:68,3
DA:75,3
DA:77,3
DA:78,1
DA:81,2
DA:83,2
DA:84,2
DA:86,1
DA:87,1
DA:88,1
DA:90,1
DA:95,1
DA:96,1
DA:98,1
LF:31
LH:31
BRDA:29,0,0,2
BRDA:29,0,1,1
BRDA:77,1,0,1
BRDA:77,1,1,2
BRDA:84,2,0,1
BRDA:84,2,1,1
BRF:6
BRH:6
end_of_record
TN:
SF:C:\Users\emmy\Documents\improveskills\server\helpers\Validator.js
FN:2,(anonymous_0)
FN:7,(anonymous_1)
FN:12,(anonymous_2)
FN:16,(anonymous_3)
FNF:4
FNH:4
FNDA:54,(anonymous_0)
FNDA:13,(anonymous_1)
FNDA:8,(anonymous_2)
FNDA:78,(anonymous_3)
DA:3,54
DA:4,54
DA:8,13
DA:9,13
DA:13,8
DA:17,78
LF:6
LH:6
BRF:0
BRH:0
end_of_record
TN:
SF:C:\Users\emmy\Documents\improveskills\server\helpers\generateAuthToken.js
FN:7,(anonymous_0)
FNF:1
FNH:1
FNDA:29,(anonymous_0)
DA:4,1
DA:7,1
DA:8,29
DA:10,29
LF:4
LH:4
BRF:0
BRH:0
end_of_record
TN:
SF:C:\Users\emmy\Documents\improveskills\server\middlewares\Authorization.js
FN:7,(anonymous_0)
FNF:1
FNH:1
FNDA:37,(anonymous_0)
DA:4,1
DA:8,37
DA:9,37
DA:11,32
DA:12,32
DA:13,27
DA:14,27
DA:16,5
LF:8
LH:8
BRDA:9,0,0,5
BRDA:9,0,1,32
BRF:2
BRH:2
end_of_record
TN:
SF:C:\Users\emmy\Documents\improveskills\server\middlewares\EmptyRequestValidator.js
FN:13,(anonymous_0)
FNF:1
FNH:1
FNDA:37,(anonymous_0)
DA:14,37
DA:15,4
DA:17,33
LF:3
LH:3
BRDA:14,0,0,4
BRDA:14,0,1,33
BRF:2
BRH:2
end_of_record
TN:
SF:C:\Users\emmy\Documents\improveskills\server\middlewares\UserIdValidator.js
FN:13,(anonymous_0)
FNF:1
FNH:1
FNDA:17,(anonymous_0)
DA:14,17
DA:16,3
DA:18,14
LF:3
LH:3
BRDA:14,0,0,3
BRDA:14,0,1,14
BRDA:14,1,0,17
BRDA:14,1,1,16
BRF:4
BRH:4
end_of_record
TN:
SF:C:\Users\emmy\Documents\improveskills\server\middlewares\expressErrorMiddleware.js
FN:2,(anonymous_0)
FNF:1
FNH:1
FNDA:1,(anonymous_0)
DA:3,1
LF:1
LH:1
BRF:0
BRH:0
end_of_record
TN:
SF:C:\Users\emmy\Documents\improveskills\server\middlewares\expressNotFoundMiddleware.js
FN:2,(anonymous_0)
FNF:1
FNH:1
FNDA:1,(anonymous_0)
DA:3,1
LF:1
LH:1
BRF:0
BRH:0
end_of_record
TN:
SF:C:\Users\emmy\Documents\improveskills\server\middlewares\controllersValidator\HasAdminPermission.js
FN:3,(anonymous_0)
FN:14,(anonymous_1)
FNF:2
FNH:0
FNDA:0,(anonymous_0)
FNDA:0,(anonymous_1)
DA:5,0
DA:7,0
DA:8,0
DA:11,0
DA:17,0
DA:18,0
DA:19,0
DA:21,0
DA:22,0
DA:23,0
DA:26,0
LF:11
LH:0
BRDA:7,0,0,0
BRDA:7,0,1,0
BRDA:21,1,0,0
BRDA:21,1,1,0
BRF:4
BRH:0
end_of_record
TN:
SF:C:\Users\emmy\Documents\improveskills\server\middlewares\controllersValidator\ReqBodyValidator.js
FN:4,(anonymous_0)
FN:67,(anonymous_1)
FN:93,(anonymous_2)
FNF:3
FNH:3
FNDA:13,(anonymous_0)
FNDA:4,(anonymous_1)
FNDA:2,(anonymous_2)
DA:10,13
DA:12,13
DA:14,0
DA:22,13
DA:23,2
DA:30,11
DA:33,2
DA:41,9
DA:43,2
DA:49,7
DA:50,2
DA:56,5
DA:63,5
DA:71,4
DA:73,4
DA:74,0
DA:82,4
DA:83,2
DA:90,2
DA:97,2
DA:99,2
DA:100,1
DA:108,1
DA:110,1
DA:115,1
LF:25
LH:23
BRDA:12,0,0,0
BRDA:12,0,1,13
BRDA:12,1,0,13
BRDA:12,1,1,13
BRDA:12,1,2,13
BRDA:12,1,3,13
BRDA:22,2,0,2
BRDA:22,2,1,11
BRDA:22,3,0,13
BRDA:22,3,1,11
BRDA:22,3,2,11
BRDA:22,3,3,11
BRDA:30,4,0,2
BRDA:30,4,1,9
BRDA:30,5,0,11
BRDA:30,5,1,9
BRDA:30,5,2,9
BRDA:30,5,3,9
BRDA:41,6,0,2
BRDA:41,6,1,7
BRDA:41,7,0,9
BRDA:41,7,1,7
BRDA:41,7,2,7
BRDA:49,8,0,2
BRDA:49,8,1,5
BRDA:73,9,0,0
BRDA:73,9,1,4
BRDA:73,10,0,4
BRDA:73,10,1,4
BRDA:82,11,0,2
BRDA:82,11,1,2
BRDA:82,12,0,4
BRDA:82,12,1,2
BRDA:99,13,0,1
BRDA:99,13,1,1
BRDA:99,14,0,2
BRDA:99,14,1,1
BRDA:108,15,0,1
BRDA:108,15,1,0
BRDA:108,16,0,1
BRDA:108,16,1,0
BRF:41
BRH:37
end_of_record
TN:
SF:C:\Users\emmy\Documents\improveskills\server\middlewares\controllersValidator\UserRequestValidators.js
FN:4,(anonymous_0)
FN:74,(anonymous_1)
FNF:2
FNH:2
FNDA:8,(anonymous_0)
FNDA:8,(anonymous_1)
DA:11,8
DA:13,8
DA:14,1
DA:22,7
DA:23,1
DA:30,6
DA:33,1
DA:40,5
DA:48,5
DA:49,0
DA:55,5
DA:58,1
DA:64,4
DA:65,1
DA:71,3
DA:78,8
DA:80,8
DA:81,1
DA:88,7
DA:89,1
DA:95,6
DA:96,1
DA:103,5
DA:108,5
DA:109,1
DA:115,4
DA:116,1
DA:123,3
LF:28
LH:27
BRDA:13,0,0,1
BRDA:13,0,1,7
BRDA:13,1,0,8
BRDA:13,1,1,7
BRDA:13,1,2,7
BRDA:13,1,3,7
BRDA:13,1,4,7
BRDA:22,2,0,1
BRDA:22,2,1,6
BRDA:30,3,0,1
BRDA:30,3,1,5
BRDA:30,4,0,6
BRDA:30,4,1,5
BRDA:30,4,2,5
BRDA:30,4,3,5
BRDA:30,4,4,5
BRDA:48,5,0,0
BRDA:48,5,1,5
BRDA:55,6,0,1
BRDA:55,6,1,4
BRDA:55,7,0,5
BRDA:55,7,1,4
BRDA:55,7,2,4
BRDA:55,7,3,4
BRDA:55,7,4,4
BRDA:64,8,0,1
BRDA:64,8,1,3
BRDA:80,9,0,1
BRDA:80,9,1,7
BRDA:80,10,0,8
BRDA:80,10,1,7
BRDA:88,11,0,1
BRDA:88,11,1,6
BRDA:95,12,0,1
BRDA:95,12,1,5
BRDA:95,13,0,6
BRDA:95,13,1,5
BRDA:108,14,0,1
BRDA:108,14,1,4
BRDA:108,15,0,5
BRDA:108,15,1,5
BRDA:115,16,0,1
BRDA:115,16,1,3
BRF:43
BRH:42
end_of_record
TN:
SF:C:\Users\emmy\Documents\improveskills\server\routes\index.js
FNF:0
FNH:0
DA:5,1
LF:1
LH:1
BRF:0
BRH:0
end_of_record
TN:
SF:C:\Users\emmy\Documents\improveskills\server\routes\menu.js
FNF:0
FNH:0
DA:10,1
DA:12,1
DA:13,1
DA:14,1
DA:18,1
DA:23,1
LF:6
LH:6
BRF:0
BRH:0
end_of_record
TN:
SF:C:\Users\emmy\Documents\improveskills\server\routes\orders.js
FNF:0
FNH:0
DA:10,1
DA:12,1
DA:13,1
DA:14,1
DA:15,1
DA:19,1
LF:6
LH:6
BRF:0
BRH:0
end_of_record
TN:
SF:C:\Users\emmy\Documents\improveskills\server\routes\users.js
FNF:0
FNH:0
DA:7,1
DA:9,1
DA:14,1
LF:3
LH:3
BRF:0
BRH:0
end_of_record
